#
# There is insufficient memory for the Java Runtime Environment to continue.
# Native memory allocation (mmap) failed to map 130023424 bytes for G1 virtual space
# Possible reasons:
#   The system is out of physical RAM or swap space
#   The process is running with CompressedOops enabled, and the Java Heap may be blocking the growth of the native heap
# Possible solutions:
#   Reduce memory load on the system
#   Increase physical memory or swap space
#   Check if swap backing store is full
#   Decrease Java heap size (-Xmx/-Xms)
#   Decrease number of Java threads
#   Decrease Java thread stack sizes (-Xss)
#   Set larger code cache with -XX:ReservedCodeCacheSize=
#   JVM is running with Unscaled Compressed Oops mode in which the Java heap is
#     placed in the first 4GB address space. The Java Heap base address is the
#     maximum limit for the native heap growth. Please use -XX:HeapBaseMinAddress
#     to set the Java Heap base and to place the Java Heap above 4GB virtual address.
# This output file may be truncated or incomplete.
#
#  Out of Memory Error (os_windows.cpp:3771), pid=8648, tid=15320
#
# JRE version:  (17.0.7) (build )
# Java VM: OpenJDK 64-Bit Server VM (17.0.7+0-b2043.56-10550314, mixed mode, sharing, tiered, compressed oops, compressed class ptrs, g1 gc, windows-amd64)
# No core dump will be written. Minidumps are not enabled by default on client versions of Windows
#

---------------  S U M M A R Y ------------

Command Line: 

Host: 11th Gen Intel(R) Core(TM) i3-1115G4 @ 3.00GHz, 4 cores, 7G,  Windows 11 , 64 bit Build 26063 (10.0.26063.1)
Time: Thu Mar 14 19:19:41 2024 India Standard Time elapsed time: 0.617608 seconds (0d 0h 0m 0s)

---------------  T H R E A D  ---------------

Current thread (0x00000201a5bdaad0):  JavaThread "Unknown thread" [_thread_in_vm, id=15320, stack(0x0000008d62800000,0x0000008d62900000)]

Stack: [0x0000008d62800000,0x0000008d62900000]
Native frames: (J=compiled Java code, j=interpreted, Vv=VM code, C=native code)
V  [jvm.dll+0x683bfa]
V  [jvm.dll+0x8430a4]
V  [jvm.dll+0x8449be]
V  [jvm.dll+0x845023]
V  [jvm.dll+0x24ad2f]
V  [jvm.dll+0x680ac9]
V  [jvm.dll+0x67519a]
V  [jvm.dll+0x30b3cb]
V  [jvm.dll+0x312876]
V  [jvm.dll+0x36221e]
V  [jvm.dll+0x36244f]
V  [jvm.dll+0x2e14a8]
V  [jvm.dll+0x2e2414]
V  [jvm.dll+0x814391]
V  [jvm.dll+0x36ffe1]
V  [jvm.dll+0x7f396c]
V  [jvm.dll+0x3f305f]
V  [jvm.dll+0x3f4b91]
C  [jli.dll+0x528f]
C  [ucrtbase.dll+0x6bd20]
C  [KERNEL32.DLL+0x28d17]
C  [ntdll.dll+0x774a0]


---------------  P R O C E S S  ---------------

Threads class SMR info:
_java_thread_list=0x00007ffec27ed098, length=0, elements={
}

Java Threads: ( => current thread )

Other Threads:
  0x00000201a5c359f0 GCTaskThread "GC Thread#0" [stack: 0x0000008d62900000,0x0000008d62a00000] [id=14324]
  0x00000201a5c46130 ConcurrentGCThread "G1 Main Marker" [stack: 0x0000008d62a00000,0x0000008d62b00000] [id=6648]
  0x00000201a5c46b40 ConcurrentGCThread "G1 Conc#0" [stack: 0x0000008d62b00000,0x0000008d62c00000] [id=17500]

[error occurred during error reporting (printing all threads), id 0xc0000005, EXCEPTION_ACCESS_VIOLATION (0xc0000005) at pc=0x00007ffec1fa2087]

VM state: not at safepoint (not fully initialized)

VM Mutex/Monitor currently owned by a thread:  ([mutex/lock_event])
[0x00000201a5bd9590] Heap_lock - owner thread: 0x00000201a5bdaad0

Heap address: 0x0000000084000000, size: 1984 MB, Compressed Oops mode: 32-bit

CDS archive(s) mapped at: [0x0000000000000000-0x0000000000000000-0x0000000000000000), size 0, SharedBaseAddress: 0x0000000800000000, ArchiveRelocationMode: 0.
Narrow klass base: 0x0000000000000000, Narrow klass shift: 0, Narrow klass range: 0x0

GC Precious Log:
<Empty>

Heap:
 garbage-first heap   total 0K, used 0K [0x0000000084000000, 0x0000000100000000)
  region size 1024K, 0 young (0K), 0 survivors (0K)
 Metaspace       used 0K, committed 0K, reserved 0K
  class space    used 0K, committed 0K, reserved 0K

Heap Regions: E=young(eden), S=young(survivor), O=old, HS=humongous(starts), HC=humongous(continues), CS=collection set, F=free, OA=open archive, CA=closed archive, TAMS=top-at-mark-start (previous, next)

Card table byte_map: [0x00000201b8b70000,0x00000201b8f50000] _byte_map_base: 0x00000201b8750000

Marking Bits (Prev, Next): (CMBitMap*) 0x00000201a5c36000, (CMBitMap*) 0x00000201a5c36040
 Prev Bits: [0x00000201b9330000, 0x00000201bb230000)
 Next Bits: [0x00000201bb230000, 0x00000201bd130000)

GC Heap History (0 events):
No events

Dll operation events (1 events):
Event: 0.014 Loaded shared library C:\Program Files\Android\Android Studio\jbr\bin\java.dll

Deoptimization events (0 events):
No events

Classes unloaded (0 events):
No events

Classes redefined (0 events):
No events

Internal exceptions (0 events):
No events

VM Operations (0 events):
No events

Events (0 events):
No events


Dynamic libraries:
0x00007ff7b7f50000 - 0x00007ff7b7f5a000 	C:\Program Files\Android\Android Studio\jbr\bin\java.EXE
0x00007fff1a530000 - 0x00007fff1a77f000 	C:\WINDOWS\SYSTEM32\ntdll.dll
0x00007fff19140000 - 0x00007fff19206000 	C:\WINDOWS\System32\KERNEL32.DLL
0x00007fff17b60000 - 0x00007fff17ef6000 	C:\WINDOWS\System32\KERNELBASE.dll
0x00007fff181e0000 - 0x00007fff18329000 	C:\WINDOWS\System32\ucrtbase.dll
0x00007fff06b50000 - 0x00007fff06b67000 	C:\Program Files\Android\Android Studio\jbr\bin\jli.dll
0x00007fff1a000000 - 0x00007fff1a1bf000 	C:\WINDOWS\System32\USER32.dll
0x00007fff17f00000 - 0x00007fff17f27000 	C:\WINDOWS\System32\win32u.dll
0x00007fff19c40000 - 0x00007fff19c6a000 	C:\WINDOWS\System32\GDI32.dll
0x00007fff178d0000 - 0x00007fff179f0000 	C:\WINDOWS\System32\gdi32full.dll
0x00007fff180b0000 - 0x00007fff18153000 	C:\WINDOWS\System32\msvcp_win.dll
0x00007ffedcf50000 - 0x00007ffedcf6b000 	C:\Program Files\Android\Android Studio\jbr\bin\VCRUNTIME140.dll
0x00007ffef56f0000 - 0x00007ffef5981000 	C:\WINDOWS\WinSxS\amd64_microsoft.windows.common-controls_6595b64144ccf1df_6.0.26063.1_none_fa49c84612ab61c8\COMCTL32.dll
0x00007fff1a350000 - 0x00007fff1a3f9000 	C:\WINDOWS\System32\msvcrt.dll
0x00007fff19c10000 - 0x00007fff19c3d000 	C:\WINDOWS\System32\IMM32.DLL
0x00007ffefce50000 - 0x00007ffefce5c000 	C:\Program Files\Android\Android Studio\jbr\bin\vcruntime140_1.dll
0x00007ffeca620000 - 0x00007ffeca6ad000 	C:\Program Files\Android\Android Studio\jbr\bin\msvcp140.dll
0x00007ffec1cb0000 - 0x00007ffec2930000 	C:\Program Files\Android\Android Studio\jbr\bin\server\jvm.dll
0x00007fff189d0000 - 0x00007fff18a82000 	C:\WINDOWS\System32\ADVAPI32.dll
0x00007fff18780000 - 0x00007fff18826000 	C:\WINDOWS\System32\sechost.dll
0x00007fff1a1d0000 - 0x00007fff1a2e9000 	C:\WINDOWS\System32\RPCRT4.dll
0x00007fff14360000 - 0x00007fff1436a000 	C:\WINDOWS\SYSTEM32\WSOCK32.dll
0x00007fff19e40000 - 0x00007fff19eb4000 	C:\WINDOWS\System32\WS2_32.dll
0x00007fff0d1a0000 - 0x00007fff0d1d6000 	C:\WINDOWS\SYSTEM32\WINMM.dll
0x00007fff01d20000 - 0x00007fff01d2b000 	C:\WINDOWS\SYSTEM32\VERSION.dll
0x00007fff167a0000 - 0x00007fff167ba000 	C:\WINDOWS\SYSTEM32\kernel.appcore.dll
0x00007fff0fea0000 - 0x00007fff0feaa000 	C:\Program Files\Android\Android Studio\jbr\bin\jimage.dll
0x00007fff15430000 - 0x00007fff1566d000 	C:\WINDOWS\SYSTEM32\DBGHELP.DLL
0x00007fff18400000 - 0x00007fff18779000 	C:\WINDOWS\System32\combase.dll
0x00007fff19290000 - 0x00007fff19366000 	C:\WINDOWS\System32\OLEAUT32.dll
0x00007ffef0af0000 - 0x00007ffef0b29000 	C:\WINDOWS\SYSTEM32\dbgcore.DLL
0x00007fff17ac0000 - 0x00007fff17b59000 	C:\WINDOWS\System32\bcryptPrimitives.dll
0x00007fff06e30000 - 0x00007fff06e55000 	C:\Program Files\Android\Android Studio\jbr\bin\java.dll

dbghelp: loaded successfully - version: 4.0.5 - missing functions: none
symbol engine: initialized successfully - sym options: 0x614 - pdb path: .;C:\Program Files\Android\Android Studio\jbr\bin;C:\WINDOWS\SYSTEM32;C:\WINDOWS\WinSxS\amd64_microsoft.windows.common-controls_6595b64144ccf1df_6.0.26063.1_none_fa49c84612ab61c8;C:\Program Files\Android\Android Studio\jbr\bin\server

VM Arguments:
java_command: <unknown>
java_class_path (initial): <not set>
Launcher Type: SUN_STANDARD

[Global flags]
     intx CICompilerCount                          = 3                                         {product} {ergonomic}
     uint ConcGCThreads                            = 1                                         {product} {ergonomic}
     uint G1ConcRefinementThreads                  = 4                                         {product} {ergonomic}
   size_t G1HeapRegionSize                         = 1048576                                   {product} {ergonomic}
    uintx GCDrainStackTargetSize                   = 64                                        {product} {ergonomic}
   size_t InitialHeapSize                          = 130023424                                 {product} {ergonomic}
   size_t MarkStackSize                            = 4194304                                   {product} {ergonomic}
   size_t MaxHeapSize                              = 2080374784                                {product} {ergonomic}
   size_t MinHeapDeltaBytes                        = 1048576                                   {product} {ergonomic}
   size_t MinHeapSize                              = 8388608                                   {product} {ergonomic}
    uintx NonNMethodCodeHeapSize                   = 5832780                                {pd product} {ergonomic}
    uintx NonProfiledCodeHeapSize                  = 122912730                              {pd product} {ergonomic}
    uintx ProfiledCodeHeapSize                     = 122912730                              {pd product} {ergonomic}
    uintx ReservedCodeCacheSize                    = 251658240                              {pd product} {ergonomic}
     bool SegmentedCodeCache                       = true                                      {product} {ergonomic}
   size_t SoftMaxHeapSize                          = 2080374784                             {manageable} {ergonomic}
     bool UseCompressedClassPointers               = true                           {product lp64_product} {ergonomic}
     bool UseCompressedOops                        = true                           {product lp64_product} {ergonomic}
     bool UseG1GC                                  = true                                      {product} {ergonomic}
     bool UseLargePagesIndividualAllocation        = false                                  {pd product} {ergonomic}

Logging:
Log output configuration:
 #0: stdout all=warning uptime,level,tags
 #1: stderr all=off uptime,level,tags

Environment Variables:
JAVA_HOME=C:\Program Files\Android\Android Studio\jbr
PATH=C:\Program Files\Android\Android Studio\jbr\bin;E:\Scripts\;E:\;C:\Program Files\Common Files\Oracle\Java\javapath;C:\Windows\System32;C:\WINDOWS\system32;C:\WINDOWS;C:\WINDOWS\System32\Wbem;C:\WINDOWS\System32\WindowsPowerShell\v1.0\;C:\WINDOWS\System32\OpenSSH\;C:\Program Files\Git\bin;C:\Program Files\Git\cmd;C:\Windows\SysWOW64;C:\Windows;C:\Program Files\CMake\bin;C:\Program Files\Java\jdk-17.0.1\bin;C:\Users\user\flutter\bin;C:\Program Files\Microsoft SQL Server\150\Tools\Binn\;C:\Program Files\Microsoft SQL Server\Client SDK\ODBC\170\Tools\Binn\;C:\Program Files\dotnet\;C:\ProgramData\chocolatey\bin;C:\Program Files\nodejs;C:\Users\user\AppData\Roaming\npm;C:\Program Files\MongoDB\Server\7.0\bin;C:\Users\user\AppData\Roaming\Pub\Cache\bin;C:\Users\user\AppData\Local\Pub\Cache\bin;C:\Program Files\PowerShell\7\;C:\Users\user\AppData\Local\Microsoft\WindowsApps;;C:\Users\user\AppData\Local\Programs\Microsoft VS Code\bin;C:\Users\user\flutter\bin\mingit\cmd
USERNAME=user
OS=Windows_NT
PROCESSOR_IDENTIFIER=Intel64 Family 6 Model 140 Stepping 1, GenuineIntel
TMP=C:\Users\user\AppData\Local\Temp
TEMP=C:\Users\user\AppData\Local\Temp


JNI global refs:
JNI global refs: 0, weak refs: 0

JNI global refs memory usage: 0, weak refs: 0

OOME stack traces (most recent first):
Classloader memory used:


---------------  S Y S T E M  ---------------

OS:
 Windows 11 , 64 bit Build 26063 (10.0.26063.1)
OS uptime: 0 days 9:00 hours
Hyper-V role detected

CPU: total 4 (initial active 4) (2 cores per cpu, 2 threads per core) family 6 model 140 stepping 1 microcode 0xac, cx8, cmov, fxsr, ht, mmx, 3dnowpref, sse, sse2, sse3, ssse3, sse4.1, sse4.2, popcnt, lzcnt, tsc, tscinvbit, avx, avx2, aes, erms, clmul, bmi1, bmi2, adx, avx512f, avx512dq, avx512cd, avx512bw, avx512vl, sha, fma, vzeroupper, avx512_vpopcntdq, avx512_vpclmulqdq, avx512_vaes, avx512_vnni, clflush, clflushopt, clwb, avx512_vbmi2, avx512_vbmi, hv

Memory: 4k page, system-wide physical 7932M (785M free)
TotalPageFile size 14076M (AvailPageFile size 3M)
current process WorkingSet (physical memory assigned to process): 11M, peak: 11M
current process commit charge ("private bytes"): 51M, peak: 175M

vm_info: OpenJDK 64-Bit Server VM (17.0.7+0-b2043.56-10550314) for windows-amd64 JRE (17.0.7+0-b2043.56-10550314), built on Jul 24 2023 18:27:45 by "androidbuild" with MS VC++ 16.10 / 16.11 (VS2019)

END.
