#
# There is insufficient memory for the Java Runtime Environment to continue.
# Native memory allocation (mmap) failed to map 65536 bytes for Failed to commit metaspace.
# Possible reasons:
#   The system is out of physical RAM or swap space
#   The process is running with CompressedOops enabled, and the Java Heap may be blocking the growth of the native heap
# Possible solutions:
#   Reduce memory load on the system
#   Increase physical memory or swap space
#   Check if swap backing store is full
#   Decrease Java heap size (-Xmx/-Xms)
#   Decrease number of Java threads
#   Decrease Java thread stack sizes (-Xss)
#   Set larger code cache with -XX:ReservedCodeCacheSize=
#   JVM is running with Unscaled Compressed Oops mode in which the Java heap is
#     placed in the first 4GB address space. The Java Heap base address is the
#     maximum limit for the native heap growth. Please use -XX:HeapBaseMinAddress
#     to set the Java Heap base and to place the Java Heap above 4GB virtual address.
# This output file may be truncated or incomplete.
#
#  Out of Memory Error (virtualSpaceNode.cpp:110), pid=10304, tid=9680
#
# JRE version: OpenJDK Runtime Environment (17.0.7) (build 17.0.7+0-b2043.56-10550314)
# Java VM: OpenJDK 64-Bit Server VM (17.0.7+0-b2043.56-10550314, mixed mode, tiered, compressed oops, compressed class ptrs, g1 gc, windows-amd64)
# No core dump will be written. Minidumps are not enabled by default on client versions of Windows
#

---------------  S U M M A R Y ------------

Command Line: -Dorg.gradle.appname=gradlew org.gradle.wrapper.GradleWrapperMain -q -Ptarget-platform=android-arm64 -Ptarget=E:\brainbd\lib\main.dart -Pbase-application-name=android.app.Application -Pdart-defines=RkxVVFRFUl9XRUJfQVVUT19ERVRFQ1Q9dHJ1ZQ==,RkxVVFRFUl9XRUJfQ0FOVkFTS0lUX1VSTD1odHRwczovL3d3dy5nc3RhdGljLmNvbS9mbHV0dGVyLWNhbnZhc2tpdC8zZjNlNTYwMjM2NTM5YjdlMjcwMmY1YWM3OTBiMmE0NjkxYjMyZDQ5Lw== -Pdart-obfuscation=false -Ptrack-widget-creation=true -Ptree-shake-icons=false -Pfilesystem-scheme=org-dartlang-root assembleDebug

Host: 11th Gen Intel(R) Core(TM) i3-1115G4 @ 3.00GHz, 4 cores, 7G,  Windows 11 , 64 bit Build 26040 (10.0.26040.1000)
Time: Thu Feb  1 18:36:06 2024 India Standard Time elapsed time: 17.474088 seconds (0d 0h 0m 17s)

---------------  T H R E A D  ---------------

Current thread (0x000001e1f2605320):  JavaThread "C1 CompilerThread0" daemon [_thread_in_vm, id=9680, stack(0x00000089aab00000,0x00000089aac00000)]


Current CompileTask:
C1:  17474 1240       3       org.gradle.internal.logging.text.AbstractLineChoppingStyledTextOutput$2::execute (9 bytes)

Stack: [0x00000089aab00000,0x00000089aac00000]
Native frames: (J=compiled Java code, j=interpreted, Vv=VM code, C=native code)
V  [jvm.dll+0x683bfa]
V  [jvm.dll+0x8430a4]
V  [jvm.dll+0x8449be]
V  [jvm.dll+0x845023]
V  [jvm.dll+0x24ad2f]
V  [jvm.dll+0x83e45b]
V  [jvm.dll+0x6281e6]
V  [jvm.dll+0x1c29ee]
V  [jvm.dll+0x62ab31]
V  [jvm.dll+0x628b86]
V  [jvm.dll+0x639e5a]
V  [jvm.dll+0x632c8a]
V  [jvm.dll+0x1ceb70]
V  [jvm.dll+0x1ced60]
V  [jvm.dll+0x148c51]
V  [jvm.dll+0x148a95]
V  [jvm.dll+0x1402de]
V  [jvm.dll+0x142895]
V  [jvm.dll+0x140b74]
V  [jvm.dll+0x13aaef]
V  [jvm.dll+0x14a6f6]
V  [jvm.dll+0x1361e0]
V  [jvm.dll+0x136540]
V  [jvm.dll+0x136806]
V  [jvm.dll+0x135c9a]
V  [jvm.dll+0x137961]
V  [jvm.dll+0x22c148]
V  [jvm.dll+0x22a209]
V  [jvm.dll+0x7f858c]
V  [jvm.dll+0x7f2aea]
V  [jvm.dll+0x682a35]
C  [ucrtbase.dll+0x6bcc0]
C  [KERNEL32.DLL+0x28d17]
C  [ntdll.dll+0x28260]


---------------  P R O C E S S  ---------------

Threads class SMR info:
_java_thread_list=0x000001e1f7ae8330, length=15, elements={
0x000001e1d7179280, 0x000001e1f248c250, 0x000001e1f248cf10, 0x000001e1f25ea090,
0x000001e1f260f6d0, 0x000001e1f260ff90, 0x000001e1f2610850, 0x000001e1f2611440,
0x000001e1f2605320, 0x000001e1f260b160, 0x000001e1f2795380, 0x000001e1f279da10,
0x000001e1f7753be0, 0x000001e1f7b1d020, 0x000001e1f7b1d4f0
}

Java Threads: ( => current thread )
  0x000001e1d7179280 JavaThread "main" [_thread_in_native, id=1620, stack(0x00000089a9d00000,0x00000089a9e00000)]
  0x000001e1f248c250 JavaThread "Reference Handler" daemon [_thread_blocked, id=12636, stack(0x00000089aa400000,0x00000089aa500000)]
  0x000001e1f248cf10 JavaThread "Finalizer" daemon [_thread_blocked, id=10024, stack(0x00000089aa500000,0x00000089aa600000)]
  0x000001e1f25ea090 JavaThread "Signal Dispatcher" daemon [_thread_blocked, id=1424, stack(0x00000089aa600000,0x00000089aa700000)]
  0x000001e1f260f6d0 JavaThread "Attach Listener" daemon [_thread_blocked, id=3700, stack(0x00000089aa700000,0x00000089aa800000)]
  0x000001e1f260ff90 JavaThread "Service Thread" daemon [_thread_blocked, id=13528, stack(0x00000089aa800000,0x00000089aa900000)]
  0x000001e1f2610850 JavaThread "Monitor Deflation Thread" daemon [_thread_blocked, id=14904, stack(0x00000089aa900000,0x00000089aaa00000)]
  0x000001e1f2611440 JavaThread "C2 CompilerThread0" daemon [_thread_blocked, id=1868, stack(0x00000089aaa00000,0x00000089aab00000)]
=>0x000001e1f2605320 JavaThread "C1 CompilerThread0" daemon [_thread_in_vm, id=9680, stack(0x00000089aab00000,0x00000089aac00000)]
  0x000001e1f260b160 JavaThread "Sweeper thread" daemon [_thread_blocked, id=9656, stack(0x00000089aac00000,0x00000089aad00000)]
  0x000001e1f2795380 JavaThread "Notification Thread" daemon [_thread_blocked, id=13876, stack(0x00000089aad00000,0x00000089aae00000)]
  0x000001e1f279da10 JavaThread "Common-Cleaner" daemon [_thread_blocked, id=3696, stack(0x00000089aaf00000,0x00000089ab000000)]
  0x000001e1f7753be0 JavaThread "pool-1-thread-1" [_thread_in_native, id=9100, stack(0x00000089ab400000,0x00000089ab500000)]
  0x000001e1f7b1d020 JavaThread "DisconnectableInputStream source reader" daemon [_thread_in_native, id=1976, stack(0x00000089ab500000,0x00000089ab600000)]
  0x000001e1f7b1d4f0 JavaThread "Forward input" [_thread_blocked, id=12000, stack(0x00000089ab600000,0x00000089ab700000)]

Other Threads:
  0x000001e1f241cd00 VMThread "VM Thread" [stack: 0x00000089aa300000,0x00000089aa400000] [id=3728]
  0x000001e1d71fbbd0 WatcherThread [stack: 0x00000089aae00000,0x00000089aaf00000] [id=11392]
  0x000001e1d71d30d0 GCTaskThread "GC Thread#0" [stack: 0x00000089a9e00000,0x00000089a9f00000] [id=7040]
  0x000001e1f70b2810 GCTaskThread "GC Thread#1" [stack: 0x00000089ab000000,0x00000089ab100000] [id=3124]
  0x000001e1f70841e0 GCTaskThread "GC Thread#2" [stack: 0x00000089ab100000,0x00000089ab200000] [id=5028]
  0x000001e1f70c80c0 GCTaskThread "GC Thread#3" [stack: 0x00000089ab200000,0x00000089ab300000] [id=7472]
  0x000001e1d71e43f0 ConcurrentGCThread "G1 Main Marker" [stack: 0x00000089a9f00000,0x00000089aa000000] [id=15776]
  0x000001e1d71edbd0 ConcurrentGCThread "G1 Conc#0" [stack: 0x00000089aa000000,0x00000089aa100000] [id=15512]
  0x000001e1d722ec20 ConcurrentGCThread "G1 Refine#0" [stack: 0x00000089aa100000,0x00000089aa200000] [id=4800]
  0x000001e1f22bc4f0 ConcurrentGCThread "G1 Service" [stack: 0x00000089aa200000,0x00000089aa300000] [id=13676]

Threads with active compile tasks:
C1 CompilerThread0    17539 1240       3       org.gradle.internal.logging.text.AbstractLineChoppingStyledTextOutput$2::execute (9 bytes)

VM state: not at safepoint (normal execution)

VM Mutex/Monitor currently owned by a thread:  ([mutex/lock_event])
[0x000001e1d6f9f960] Metaspace_lock - owner thread: 0x000001e1f2605320
[0x000001e1d71748a0] MethodData_lock - owner thread: 0x000001e1f2605320

Heap address: 0x0000000084000000, size: 1984 MB, Compressed Oops mode: 32-bit

CDS archive(s) not mapped
Compressed class space mapped at: 0x0000000100000000-0x0000000140000000, reserved size: 1073741824
Narrow klass base: 0x0000000000000000, Narrow klass shift: 3, Narrow klass range: 0x140000000

GC Precious Log:
 CPUs: 4 total, 4 available
 Memory: 7932M
 Large Page Support: Disabled
 NUMA Support: Disabled
 Compressed Oops: Enabled (32-bit)
 Heap Region Size: 1M
 Heap Min Capacity: 8M
 Heap Initial Capacity: 124M
 Heap Max Capacity: 1984M
 Pre-touch: Disabled
 Parallel Workers: 4
 Concurrent Workers: 1
 Concurrent Refinement Workers: 4
 Periodic GC: Disabled

Heap:
 garbage-first heap   total 126976K, used 17156K [0x0000000084000000, 0x0000000100000000)
  region size 1024K, 11 young (11264K), 3 survivors (3072K)
 Metaspace       used 16140K, committed 16320K, reserved 1114112K
  class space    used 1887K, committed 1984K, reserved 1048576K

Heap Regions: E=young(eden), S=young(survivor), O=old, HS=humongous(starts), HC=humongous(continues), CS=collection set, F=free, OA=open archive, CA=closed archive, TAMS=top-at-mark-start (previous, next)
|   0|0x0000000084000000, 0x0000000084100000, 0x0000000084100000|100%|HS|  |TAMS 0x0000000084000000, 0x0000000084000000| Complete 
|   1|0x0000000084100000, 0x0000000084200000, 0x0000000084200000|100%|HC|  |TAMS 0x0000000084100000, 0x0000000084100000| Complete 
|   2|0x0000000084200000, 0x0000000084300000, 0x0000000084300000|100%|HC|  |TAMS 0x0000000084200000, 0x0000000084200000| Complete 
|   3|0x0000000084300000, 0x0000000084400000, 0x0000000084400000|100%| O|  |TAMS 0x0000000084300000, 0x0000000084300000| Untracked 
|   4|0x0000000084400000, 0x0000000084500000, 0x0000000084500000|100%| O|  |TAMS 0x0000000084400000, 0x0000000084400000| Untracked 
|   5|0x0000000084500000, 0x0000000084600000, 0x0000000084600000|100%| O|  |TAMS 0x0000000084500000, 0x0000000084500000| Untracked 
|   6|0x0000000084600000, 0x00000000846c1000, 0x0000000084700000| 75%| O|  |TAMS 0x0000000084600000, 0x0000000084600000| Untracked 
|   7|0x0000000084700000, 0x0000000084700000, 0x0000000084800000|  0%| F|  |TAMS 0x0000000084700000, 0x0000000084700000| Untracked 
|   8|0x0000000084800000, 0x0000000084800000, 0x0000000084900000|  0%| F|  |TAMS 0x0000000084800000, 0x0000000084800000| Untracked 
|   9|0x0000000084900000, 0x0000000084900000, 0x0000000084a00000|  0%| F|  |TAMS 0x0000000084900000, 0x0000000084900000| Untracked 
|  10|0x0000000084a00000, 0x0000000084a00000, 0x0000000084b00000|  0%| F|  |TAMS 0x0000000084a00000, 0x0000000084a00000| Untracked 
|  11|0x0000000084b00000, 0x0000000084b00000, 0x0000000084c00000|  0%| F|  |TAMS 0x0000000084b00000, 0x0000000084b00000| Untracked 
|  12|0x0000000084c00000, 0x0000000084c00000, 0x0000000084d00000|  0%| F|  |TAMS 0x0000000084c00000, 0x0000000084c00000| Untracked 
|  13|0x0000000084d00000, 0x0000000084d00000, 0x0000000084e00000|  0%| F|  |TAMS 0x0000000084d00000, 0x0000000084d00000| Untracked 
|  14|0x0000000084e00000, 0x0000000084e00000, 0x0000000084f00000|  0%| F|  |TAMS 0x0000000084e00000, 0x0000000084e00000| Untracked 
|  15|0x0000000084f00000, 0x0000000084f00000, 0x0000000085000000|  0%| F|  |TAMS 0x0000000084f00000, 0x0000000084f00000| Untracked 
|  16|0x0000000085000000, 0x0000000085000000, 0x0000000085100000|  0%| F|  |TAMS 0x0000000085000000, 0x0000000085000000| Untracked 
|  17|0x0000000085100000, 0x0000000085100000, 0x0000000085200000|  0%| F|  |TAMS 0x0000000085100000, 0x0000000085100000| Untracked 
|  18|0x0000000085200000, 0x0000000085200000, 0x0000000085300000|  0%| F|  |TAMS 0x0000000085200000, 0x0000000085200000| Untracked 
|  19|0x0000000085300000, 0x0000000085300000, 0x0000000085400000|  0%| F|  |TAMS 0x0000000085300000, 0x0000000085300000| Untracked 
|  20|0x0000000085400000, 0x0000000085400000, 0x0000000085500000|  0%| F|  |TAMS 0x0000000085400000, 0x0000000085400000| Untracked 
|  21|0x0000000085500000, 0x0000000085500000, 0x0000000085600000|  0%| F|  |TAMS 0x0000000085500000, 0x0000000085500000| Untracked 
|  22|0x0000000085600000, 0x0000000085600000, 0x0000000085700000|  0%| F|  |TAMS 0x0000000085600000, 0x0000000085600000| Untracked 
|  23|0x0000000085700000, 0x0000000085700000, 0x0000000085800000|  0%| F|  |TAMS 0x0000000085700000, 0x0000000085700000| Untracked 
|  24|0x0000000085800000, 0x0000000085800000, 0x0000000085900000|  0%| F|  |TAMS 0x0000000085800000, 0x0000000085800000| Untracked 
|  25|0x0000000085900000, 0x0000000085900000, 0x0000000085a00000|  0%| F|  |TAMS 0x0000000085900000, 0x0000000085900000| Untracked 
|  26|0x0000000085a00000, 0x0000000085a00000, 0x0000000085b00000|  0%| F|  |TAMS 0x0000000085a00000, 0x0000000085a00000| Untracked 
|  27|0x0000000085b00000, 0x0000000085b00000, 0x0000000085c00000|  0%| F|  |TAMS 0x0000000085b00000, 0x0000000085b00000| Untracked 
|  28|0x0000000085c00000, 0x0000000085c00000, 0x0000000085d00000|  0%| F|  |TAMS 0x0000000085c00000, 0x0000000085c00000| Untracked 
|  29|0x0000000085d00000, 0x0000000085d00000, 0x0000000085e00000|  0%| F|  |TAMS 0x0000000085d00000, 0x0000000085d00000| Untracked 
|  30|0x0000000085e00000, 0x0000000085e00000, 0x0000000085f00000|  0%| F|  |TAMS 0x0000000085e00000, 0x0000000085e00000| Untracked 
|  31|0x0000000085f00000, 0x0000000085f00000, 0x0000000086000000|  0%| F|  |TAMS 0x0000000085f00000, 0x0000000085f00000| Untracked 
|  32|0x0000000086000000, 0x0000000086000000, 0x0000000086100000|  0%| F|  |TAMS 0x0000000086000000, 0x0000000086000000| Untracked 
|  33|0x0000000086100000, 0x0000000086100000, 0x0000000086200000|  0%| F|  |TAMS 0x0000000086100000, 0x0000000086100000| Untracked 
|  34|0x0000000086200000, 0x0000000086200000, 0x0000000086300000|  0%| F|  |TAMS 0x0000000086200000, 0x0000000086200000| Untracked 
|  35|0x0000000086300000, 0x0000000086300000, 0x0000000086400000|  0%| F|  |TAMS 0x0000000086300000, 0x0000000086300000| Untracked 
|  36|0x0000000086400000, 0x0000000086400000, 0x0000000086500000|  0%| F|  |TAMS 0x0000000086400000, 0x0000000086400000| Untracked 
|  37|0x0000000086500000, 0x0000000086500000, 0x0000000086600000|  0%| F|  |TAMS 0x0000000086500000, 0x0000000086500000| Untracked 
|  38|0x0000000086600000, 0x0000000086600000, 0x0000000086700000|  0%| F|  |TAMS 0x0000000086600000, 0x0000000086600000| Untracked 
|  39|0x0000000086700000, 0x0000000086700000, 0x0000000086800000|  0%| F|  |TAMS 0x0000000086700000, 0x0000000086700000| Untracked 
|  40|0x0000000086800000, 0x0000000086800000, 0x0000000086900000|  0%| F|  |TAMS 0x0000000086800000, 0x0000000086800000| Untracked 
|  41|0x0000000086900000, 0x0000000086900000, 0x0000000086a00000|  0%| F|  |TAMS 0x0000000086900000, 0x0000000086900000| Untracked 
|  42|0x0000000086a00000, 0x0000000086a00000, 0x0000000086b00000|  0%| F|  |TAMS 0x0000000086a00000, 0x0000000086a00000| Untracked 
|  43|0x0000000086b00000, 0x0000000086b00000, 0x0000000086c00000|  0%| F|  |TAMS 0x0000000086b00000, 0x0000000086b00000| Untracked 
|  44|0x0000000086c00000, 0x0000000086c00000, 0x0000000086d00000|  0%| F|  |TAMS 0x0000000086c00000, 0x0000000086c00000| Untracked 
|  45|0x0000000086d00000, 0x0000000086d00000, 0x0000000086e00000|  0%| F|  |TAMS 0x0000000086d00000, 0x0000000086d00000| Untracked 
|  46|0x0000000086e00000, 0x0000000086e00000, 0x0000000086f00000|  0%| F|  |TAMS 0x0000000086e00000, 0x0000000086e00000| Untracked 
|  47|0x0000000086f00000, 0x0000000086f00000, 0x0000000087000000|  0%| F|  |TAMS 0x0000000086f00000, 0x0000000086f00000| Untracked 
|  48|0x0000000087000000, 0x0000000087000000, 0x0000000087100000|  0%| F|  |TAMS 0x0000000087000000, 0x0000000087000000| Untracked 
|  49|0x0000000087100000, 0x0000000087100000, 0x0000000087200000|  0%| F|  |TAMS 0x0000000087100000, 0x0000000087100000| Untracked 
|  50|0x0000000087200000, 0x0000000087200000, 0x0000000087300000|  0%| F|  |TAMS 0x0000000087200000, 0x0000000087200000| Untracked 
|  51|0x0000000087300000, 0x0000000087300000, 0x0000000087400000|  0%| F|  |TAMS 0x0000000087300000, 0x0000000087300000| Untracked 
|  52|0x0000000087400000, 0x0000000087400000, 0x0000000087500000|  0%| F|  |TAMS 0x0000000087400000, 0x0000000087400000| Untracked 
|  53|0x0000000087500000, 0x0000000087500000, 0x0000000087600000|  0%| F|  |TAMS 0x0000000087500000, 0x0000000087500000| Untracked 
|  54|0x0000000087600000, 0x0000000087600000, 0x0000000087700000|  0%| F|  |TAMS 0x0000000087600000, 0x0000000087600000| Untracked 
|  55|0x0000000087700000, 0x0000000087700000, 0x0000000087800000|  0%| F|  |TAMS 0x0000000087700000, 0x0000000087700000| Untracked 
|  56|0x0000000087800000, 0x0000000087800000, 0x0000000087900000|  0%| F|  |TAMS 0x0000000087800000, 0x0000000087800000| Untracked 
|  57|0x0000000087900000, 0x0000000087900000, 0x0000000087a00000|  0%| F|  |TAMS 0x0000000087900000, 0x0000000087900000| Untracked 
|  58|0x0000000087a00000, 0x0000000087a00000, 0x0000000087b00000|  0%| F|  |TAMS 0x0000000087a00000, 0x0000000087a00000| Untracked 
|  59|0x0000000087b00000, 0x0000000087b00000, 0x0000000087c00000|  0%| F|  |TAMS 0x0000000087b00000, 0x0000000087b00000| Untracked 
|  60|0x0000000087c00000, 0x0000000087c00000, 0x0000000087d00000|  0%| F|  |TAMS 0x0000000087c00000, 0x0000000087c00000| Untracked 
|  61|0x0000000087d00000, 0x0000000087d00000, 0x0000000087e00000|  0%| F|  |TAMS 0x0000000087d00000, 0x0000000087d00000| Untracked 
|  62|0x0000000087e00000, 0x0000000087e00000, 0x0000000087f00000|  0%| F|  |TAMS 0x0000000087e00000, 0x0000000087e00000| Untracked 
|  63|0x0000000087f00000, 0x0000000087f00000, 0x0000000088000000|  0%| F|  |TAMS 0x0000000087f00000, 0x0000000087f00000| Untracked 
|  64|0x0000000088000000, 0x0000000088000000, 0x0000000088100000|  0%| F|  |TAMS 0x0000000088000000, 0x0000000088000000| Untracked 
|  65|0x0000000088100000, 0x0000000088100000, 0x0000000088200000|  0%| F|  |TAMS 0x0000000088100000, 0x0000000088100000| Untracked 
|  66|0x0000000088200000, 0x0000000088200000, 0x0000000088300000|  0%| F|  |TAMS 0x0000000088200000, 0x0000000088200000| Untracked 
|  67|0x0000000088300000, 0x0000000088300000, 0x0000000088400000|  0%| F|  |TAMS 0x0000000088300000, 0x0000000088300000| Untracked 
|  68|0x0000000088400000, 0x0000000088400000, 0x0000000088500000|  0%| F|  |TAMS 0x0000000088400000, 0x0000000088400000| Untracked 
|  69|0x0000000088500000, 0x0000000088500000, 0x0000000088600000|  0%| F|  |TAMS 0x0000000088500000, 0x0000000088500000| Untracked 
|  70|0x0000000088600000, 0x0000000088600000, 0x0000000088700000|  0%| F|  |TAMS 0x0000000088600000, 0x0000000088600000| Untracked 
|  71|0x0000000088700000, 0x0000000088700000, 0x0000000088800000|  0%| F|  |TAMS 0x0000000088700000, 0x0000000088700000| Untracked 
|  72|0x0000000088800000, 0x0000000088800000, 0x0000000088900000|  0%| F|  |TAMS 0x0000000088800000, 0x0000000088800000| Untracked 
|  73|0x0000000088900000, 0x0000000088900000, 0x0000000088a00000|  0%| F|  |TAMS 0x0000000088900000, 0x0000000088900000| Untracked 
|  74|0x0000000088a00000, 0x0000000088a00000, 0x0000000088b00000|  0%| F|  |TAMS 0x0000000088a00000, 0x0000000088a00000| Untracked 
|  75|0x0000000088b00000, 0x0000000088b00000, 0x0000000088c00000|  0%| F|  |TAMS 0x0000000088b00000, 0x0000000088b00000| Untracked 
|  76|0x0000000088c00000, 0x0000000088c00000, 0x0000000088d00000|  0%| F|  |TAMS 0x0000000088c00000, 0x0000000088c00000| Untracked 
|  77|0x0000000088d00000, 0x0000000088d00000, 0x0000000088e00000|  0%| F|  |TAMS 0x0000000088d00000, 0x0000000088d00000| Untracked 
|  78|0x0000000088e00000, 0x0000000088e00000, 0x0000000088f00000|  0%| F|  |TAMS 0x0000000088e00000, 0x0000000088e00000| Untracked 
|  79|0x0000000088f00000, 0x0000000088f00000, 0x0000000089000000|  0%| F|  |TAMS 0x0000000088f00000, 0x0000000088f00000| Untracked 
|  80|0x0000000089000000, 0x0000000089000000, 0x0000000089100000|  0%| F|  |TAMS 0x0000000089000000, 0x0000000089000000| Untracked 
|  81|0x0000000089100000, 0x0000000089100000, 0x0000000089200000|  0%| F|  |TAMS 0x0000000089100000, 0x0000000089100000| Untracked 
|  82|0x0000000089200000, 0x0000000089200000, 0x0000000089300000|  0%| F|  |TAMS 0x0000000089200000, 0x0000000089200000| Untracked 
|  83|0x0000000089300000, 0x0000000089300000, 0x0000000089400000|  0%| F|  |TAMS 0x0000000089300000, 0x0000000089300000| Untracked 
|  84|0x0000000089400000, 0x0000000089400000, 0x0000000089500000|  0%| F|  |TAMS 0x0000000089400000, 0x0000000089400000| Untracked 
|  85|0x0000000089500000, 0x0000000089500000, 0x0000000089600000|  0%| F|  |TAMS 0x0000000089500000, 0x0000000089500000| Untracked 
|  86|0x0000000089600000, 0x0000000089600000, 0x0000000089700000|  0%| F|  |TAMS 0x0000000089600000, 0x0000000089600000| Untracked 
|  87|0x0000000089700000, 0x0000000089700000, 0x0000000089800000|  0%| F|  |TAMS 0x0000000089700000, 0x0000000089700000| Untracked 
|  88|0x0000000089800000, 0x0000000089800000, 0x0000000089900000|  0%| F|  |TAMS 0x0000000089800000, 0x0000000089800000| Untracked 
|  89|0x0000000089900000, 0x0000000089900000, 0x0000000089a00000|  0%| F|  |TAMS 0x0000000089900000, 0x0000000089900000| Untracked 
|  90|0x0000000089a00000, 0x0000000089a00000, 0x0000000089b00000|  0%| F|  |TAMS 0x0000000089a00000, 0x0000000089a00000| Untracked 
|  91|0x0000000089b00000, 0x0000000089b00000, 0x0000000089c00000|  0%| F|  |TAMS 0x0000000089b00000, 0x0000000089b00000| Untracked 
|  92|0x0000000089c00000, 0x0000000089c00000, 0x0000000089d00000|  0%| F|  |TAMS 0x0000000089c00000, 0x0000000089c00000| Untracked 
|  93|0x0000000089d00000, 0x0000000089d00000, 0x0000000089e00000|  0%| F|  |TAMS 0x0000000089d00000, 0x0000000089d00000| Untracked 
|  94|0x0000000089e00000, 0x0000000089e00000, 0x0000000089f00000|  0%| F|  |TAMS 0x0000000089e00000, 0x0000000089e00000| Untracked 
|  95|0x0000000089f00000, 0x0000000089f00000, 0x000000008a000000|  0%| F|  |TAMS 0x0000000089f00000, 0x0000000089f00000| Untracked 
|  96|0x000000008a000000, 0x000000008a000000, 0x000000008a100000|  0%| F|  |TAMS 0x000000008a000000, 0x000000008a000000| Untracked 
|  97|0x000000008a100000, 0x000000008a100000, 0x000000008a200000|  0%| F|  |TAMS 0x000000008a100000, 0x000000008a100000| Untracked 
|  98|0x000000008a200000, 0x000000008a200000, 0x000000008a300000|  0%| F|  |TAMS 0x000000008a200000, 0x000000008a200000| Untracked 
|  99|0x000000008a300000, 0x000000008a300000, 0x000000008a400000|  0%| F|  |TAMS 0x000000008a300000, 0x000000008a300000| Untracked 
| 100|0x000000008a400000, 0x000000008a400000, 0x000000008a500000|  0%| F|  |TAMS 0x000000008a400000, 0x000000008a400000| Untracked 
| 101|0x000000008a500000, 0x000000008a500000, 0x000000008a600000|  0%| F|  |TAMS 0x000000008a500000, 0x000000008a500000| Untracked 
| 102|0x000000008a600000, 0x000000008a600000, 0x000000008a700000|  0%| F|  |TAMS 0x000000008a600000, 0x000000008a600000| Untracked 
| 103|0x000000008a700000, 0x000000008a800000, 0x000000008a800000|100%| S|CS|TAMS 0x000000008a700000, 0x000000008a700000| Complete 
| 104|0x000000008a800000, 0x000000008a900000, 0x000000008a900000|100%| S|CS|TAMS 0x000000008a800000, 0x000000008a800000| Complete 
| 105|0x000000008a900000, 0x000000008aa00000, 0x000000008aa00000|100%| S|CS|TAMS 0x000000008a900000, 0x000000008a900000| Complete 
| 106|0x000000008aa00000, 0x000000008aa00000, 0x000000008ab00000|  0%| F|  |TAMS 0x000000008aa00000, 0x000000008aa00000| Untracked 
| 107|0x000000008ab00000, 0x000000008ab00000, 0x000000008ac00000|  0%| F|  |TAMS 0x000000008ab00000, 0x000000008ab00000| Untracked 
| 108|0x000000008ac00000, 0x000000008ac00000, 0x000000008ad00000|  0%| F|  |TAMS 0x000000008ac00000, 0x000000008ac00000| Untracked 
| 109|0x000000008ad00000, 0x000000008ad00000, 0x000000008ae00000|  0%| F|  |TAMS 0x000000008ad00000, 0x000000008ad00000| Untracked 
| 110|0x000000008ae00000, 0x000000008ae00000, 0x000000008af00000|  0%| F|  |TAMS 0x000000008ae00000, 0x000000008ae00000| Untracked 
| 111|0x000000008af00000, 0x000000008af00000, 0x000000008b000000|  0%| F|  |TAMS 0x000000008af00000, 0x000000008af00000| Untracked 
| 112|0x000000008b000000, 0x000000008b000000, 0x000000008b100000|  0%| F|  |TAMS 0x000000008b000000, 0x000000008b000000| Untracked 
| 113|0x000000008b100000, 0x000000008b100000, 0x000000008b200000|  0%| F|  |TAMS 0x000000008b100000, 0x000000008b100000| Untracked 
| 114|0x000000008b200000, 0x000000008b200000, 0x000000008b300000|  0%| F|  |TAMS 0x000000008b200000, 0x000000008b200000| Untracked 
| 115|0x000000008b300000, 0x000000008b300000, 0x000000008b400000|  0%| F|  |TAMS 0x000000008b300000, 0x000000008b300000| Untracked 
| 116|0x000000008b400000, 0x000000008b44cbe0, 0x000000008b500000| 29%| E|  |TAMS 0x000000008b400000, 0x000000008b400000| Complete 
| 117|0x000000008b500000, 0x000000008b600000, 0x000000008b600000|100%| E|CS|TAMS 0x000000008b500000, 0x000000008b500000| Complete 
| 118|0x000000008b600000, 0x000000008b700000, 0x000000008b700000|100%| E|CS|TAMS 0x000000008b600000, 0x000000008b600000| Complete 
| 119|0x000000008b700000, 0x000000008b800000, 0x000000008b800000|100%| E|CS|TAMS 0x000000008b700000, 0x000000008b700000| Complete 
| 120|0x000000008b800000, 0x000000008b900000, 0x000000008b900000|100%| E|CS|TAMS 0x000000008b800000, 0x000000008b800000| Complete 
| 121|0x000000008b900000, 0x000000008ba00000, 0x000000008ba00000|100%| E|CS|TAMS 0x000000008b900000, 0x000000008b900000| Complete 
| 122|0x000000008ba00000, 0x000000008bb00000, 0x000000008bb00000|100%| E|CS|TAMS 0x000000008ba00000, 0x000000008ba00000| Complete 
| 123|0x000000008bb00000, 0x000000008bc00000, 0x000000008bc00000|100%| E|CS|TAMS 0x000000008bb00000, 0x000000008bb00000| Complete 

Card table byte_map: [0x000001e1eb890000,0x000001e1ebc70000] _byte_map_base: 0x000001e1eb470000

Marking Bits (Prev, Next): (CMBitMap*) 0x000001e1d71d35f0, (CMBitMap*) 0x000001e1d71d3630
 Prev Bits: [0x000001e1ec050000, 0x000001e1edf50000)
 Next Bits: [0x000001e1edf50000, 0x000001e1efe50000)

Polling page: 0x000001e1d6f40000

Metaspace:

Usage:
  Non-class:     13.92 MB used.
      Class:      1.84 MB used.
       Both:     15.76 MB used.

Virtual space:
  Non-class space:       64.00 MB reserved,      14.00 MB ( 22%) committed,  1 nodes.
      Class space:        1.00 GB reserved,       1.94 MB ( <1%) committed,  1 nodes.
             Both:        1.06 GB reserved,      15.94 MB (  1%) committed. 

Chunk freelists:
   Non-Class:  1.99 MB
       Class:  14.05 MB
        Both:  16.03 MB

MaxMetaspaceSize: unlimited
CompressedClassSpaceSize: 1.00 GB
Initial GC threshold: 21.00 MB
Current GC threshold: 21.00 MB
CDS: off
MetaspaceReclaimPolicy: balanced
 - commit_granule_bytes: 65536.
 - commit_granule_words: 8192.
 - virtual_space_node_default_size: 8388608.
 - enlarge_chunks_in_place: 1.
 - new_chunks_are_fully_committed: 0.
 - uncommit_free_chunks: 1.
 - use_allocation_guard: 0.
 - handle_deallocations: 1.


Internal statistics:

num_allocs_failed_limit: 0.
num_arena_births: 78.
num_arena_deaths: 0.
num_vsnodes_births: 2.
num_vsnodes_deaths: 0.
num_space_committed: 255.
num_space_uncommitted: 0.
num_chunks_returned_to_freelist: 0.
num_chunks_taken_from_freelist: 299.
num_chunk_merges: 0.
num_chunk_splits: 195.
num_chunks_enlarged: 159.
num_inconsistent_stats: 0.

CodeHeap 'non-profiled nmethods': size=120000Kb used=487Kb max_used=487Kb free=119512Kb
 bounds [0x000001e1e3a50000, 0x000001e1e3cc0000, 0x000001e1eaf80000]
CodeHeap 'profiled nmethods': size=120000Kb used=2229Kb max_used=2229Kb free=117770Kb
 bounds [0x000001e1dbf80000, 0x000001e1dc1f0000, 0x000001e1e34b0000]
CodeHeap 'non-nmethods': size=5760Kb used=1175Kb max_used=1191Kb free=4584Kb
 bounds [0x000001e1e34b0000, 0x000001e1e3720000, 0x000001e1e3a50000]
 total_blobs=1695 nmethods=1236 adapters=372
 compilation: enabled
              stopped_count=0, restarted_count=0
 full_count=0

Compilation events (20 events):
Event: 15.379 Thread 0x000001e1f2605320 nmethod 1225 0x000001e1dc1ac290 code [0x000001e1dc1ac440, 0x000001e1dc1ac608]
Event: 15.379 Thread 0x000001e1f2605320 1228       1       org.gradle.internal.dispatch.MethodInvocation::getMethod (5 bytes)
Event: 15.379 Thread 0x000001e1f2605320 nmethod 1228 0x000001e1e3ac8d90 code [0x000001e1e3ac8f20, 0x000001e1e3ac8ff8]
Event: 15.379 Thread 0x000001e1f2605320 1229       1       org.gradle.internal.dispatch.MethodInvocation::getArguments (5 bytes)
Event: 15.379 Thread 0x000001e1f2605320 nmethod 1229 0x000001e1e3ac9090 code [0x000001e1e3ac9220, 0x000001e1e3ac92f8]
Event: 15.379 Thread 0x000001e1f2605320 1230       1       org.gradle.internal.serialize.Serializers$StatefulSerializerAdapter::access$000 (5 bytes)
Event: 15.379 Thread 0x000001e1f2605320 nmethod 1230 0x000001e1e3ac9390 code [0x000001e1e3ac9520, 0x000001e1e3ac95d8]
Event: 15.379 Thread 0x000001e1f2605320 1231       1       org.gradle.internal.logging.sink.OutputEventListenerManager::access$000 (5 bytes)
Event: 15.379 Thread 0x000001e1f2605320 nmethod 1231 0x000001e1e3ac9690 code [0x000001e1e3ac9820, 0x000001e1e3ac98d8]
Event: 15.379 Thread 0x000001e1f2605320 1232       1       org.gradle.internal.logging.sink.OutputEventListenerManager::access$100 (5 bytes)
Event: 15.379 Thread 0x000001e1f2605320 nmethod 1232 0x000001e1e3ac9990 code [0x000001e1e3ac9b20, 0x000001e1e3ac9bd8]
Event: 15.450 Thread 0x000001e1f2605320 1233       3       org.gradle.internal.logging.text.AbstractLineChoppingStyledTextOutput$StateContext::setState (10 bytes)
Event: 15.450 Thread 0x000001e1f2605320 nmethod 1233 0x000001e1dc1ac710 code [0x000001e1dc1ac8c0, 0x000001e1dc1aca78]
Event: 15.450 Thread 0x000001e1f2605320 1234       3       org.gradle.internal.logging.text.AbstractLineChoppingStyledTextOutput::access$402 (7 bytes)
Event: 15.450 Thread 0x000001e1f2605320 nmethod 1234 0x000001e1dc1acb90 code [0x000001e1dc1acd20, 0x000001e1dc1ace58]
Event: 15.450 Thread 0x000001e1f2605320 1242       3       org.gradle.internal.logging.text.AbstractLineChoppingStyledTextOutput::access$900 (4 bytes)
Event: 15.450 Thread 0x000001e1f2605320 nmethod 1242 0x000001e1dc1acf10 code [0x000001e1dc1ad0a0, 0x000001e1dc1ad198]
Event: 15.450 Thread 0x000001e1f2605320 1239       3       org.gradle.internal.logging.text.AbstractLineChoppingStyledTextOutput::access$800 (4 bytes)
Event: 15.450 Thread 0x000001e1f2605320 nmethod 1239 0x000001e1dc1ad210 code [0x000001e1dc1ad3a0, 0x000001e1dc1ad498]
Event: 15.450 Thread 0x000001e1f2605320 1240       3       org.gradle.internal.logging.text.AbstractLineChoppingStyledTextOutput$2::execute (9 bytes)

GC Heap History (4 events):
Event: 0.511 GC heap before
{Heap before GC invocations=0 (full 0):
 garbage-first heap   total 126976K, used 15360K [0x0000000084000000, 0x0000000100000000)
  region size 1024K, 13 young (13312K), 0 survivors (0K)
 Metaspace       used 8413K, committed 8512K, reserved 1114112K
  class space    used 741K, committed 768K, reserved 1048576K
}
Event: 0.515 GC heap after
{Heap after GC invocations=1 (full 0):
 garbage-first heap   total 126976K, used 3152K [0x0000000084000000, 0x0000000100000000)
  region size 1024K, 2 young (2048K), 2 survivors (2048K)
 Metaspace       used 8413K, committed 8512K, reserved 1114112K
  class space    used 741K, committed 768K, reserved 1048576K
}
Event: 0.984 GC heap before
{Heap before GC invocations=1 (full 0):
 garbage-first heap   total 126976K, used 22608K [0x0000000084000000, 0x0000000100000000)
  region size 1024K, 18 young (18432K), 2 survivors (2048K)
 Metaspace       used 13301K, committed 13504K, reserved 1114112K
  class space    used 1514K, committed 1600K, reserved 1048576K
}
Event: 0.987 GC heap after
{Heap after GC invocations=2 (full 0):
 garbage-first heap   total 126976K, used 9988K [0x0000000084000000, 0x0000000100000000)
  region size 1024K, 3 young (3072K), 3 survivors (3072K)
 Metaspace       used 13301K, committed 13504K, reserved 1114112K
  class space    used 1514K, committed 1600K, reserved 1048576K
}

Dll operation events (2 events):
Event: 0.008 Loaded shared library C:\Program Files\Android\Android Studio\jbr\bin\java.dll
Event: 0.125 Loaded shared library C:\Program Files\Android\Android Studio\jbr\bin\verify.dll

Deoptimization events (20 events):
Event: 1.004 Thread 0x000001e1d7179280 DEOPT PACKING pc=0x000001e1e3aae2c4 sp=0x00000089a9dfae70
Event: 1.004 Thread 0x000001e1d7179280 DEOPT UNPACKING pc=0x000001e1e350a1a3 sp=0x00000089a9dfae10 mode 2
Event: 1.004 Thread 0x000001e1d7179280 Uncommon trap: trap_request=0xffffffc6 fr.pc=0x000001e1e3aae2c4 relative=0x0000000000000564
Event: 1.004 Thread 0x000001e1d7179280 Uncommon trap: reason=bimorphic_or_optimized_type_check action=maybe_recompile pc=0x000001e1e3aae2c4 method=java.util.concurrent.ConcurrentHashMap.get(Ljava/lang/Object;)Ljava/lang/Object; @ 149 c2
Event: 1.004 Thread 0x000001e1d7179280 DEOPT PACKING pc=0x000001e1e3aae2c4 sp=0x00000089a9dfae70
Event: 1.004 Thread 0x000001e1d7179280 DEOPT UNPACKING pc=0x000001e1e350a1a3 sp=0x00000089a9dfae10 mode 2
Event: 1.026 Thread 0x000001e1d7179280 DEOPT PACKING pc=0x000001e1dc072fb8 sp=0x00000089a9df6a20
Event: 1.026 Thread 0x000001e1d7179280 DEOPT UNPACKING pc=0x000001e1e350ace3 sp=0x00000089a9df5f38 mode 0
Event: 1.082 Thread 0x000001e1d7179280 Uncommon trap: trap_request=0xffffff45 fr.pc=0x000001e1e3aa668c relative=0x0000000000001ccc
Event: 1.082 Thread 0x000001e1d7179280 Uncommon trap: reason=unstable_if action=reinterpret pc=0x000001e1e3aa668c method=java.io.WinNTFileSystem.normalize(Ljava/lang/String;)Ljava/lang/String; @ 128 c2
Event: 1.082 Thread 0x000001e1d7179280 DEOPT PACKING pc=0x000001e1e3aa668c sp=0x00000089a9dfb670
Event: 1.082 Thread 0x000001e1d7179280 DEOPT UNPACKING pc=0x000001e1e350a1a3 sp=0x00000089a9dfb658 mode 2
Event: 1.265 Thread 0x000001e1d7179280 Uncommon trap: trap_request=0xffffff45 fr.pc=0x000001e1e3a872cc relative=0x000000000000068c
Event: 1.265 Thread 0x000001e1d7179280 Uncommon trap: reason=unstable_if action=reinterpret pc=0x000001e1e3a872cc method=java.lang.AbstractStringBuilder.append(Ljava/lang/String;)Ljava/lang/AbstractStringBuilder; @ 1 c2
Event: 1.265 Thread 0x000001e1d7179280 DEOPT PACKING pc=0x000001e1e3a872cc sp=0x00000089a9dfc400
Event: 1.265 Thread 0x000001e1d7179280 DEOPT UNPACKING pc=0x000001e1e350a1a3 sp=0x00000089a9dfc380 mode 2
Event: 1.265 Thread 0x000001e1d7179280 Uncommon trap: trap_request=0xffffff45 fr.pc=0x000001e1e3a84564 relative=0x00000000000006a4
Event: 1.265 Thread 0x000001e1d7179280 Uncommon trap: reason=unstable_if action=reinterpret pc=0x000001e1e3a84564 method=java.lang.AbstractStringBuilder.append(Ljava/lang/String;)Ljava/lang/AbstractStringBuilder; @ 1 c2
Event: 1.265 Thread 0x000001e1d7179280 DEOPT PACKING pc=0x000001e1e3a84564 sp=0x00000089a9dfc3a0
Event: 1.265 Thread 0x000001e1d7179280 DEOPT UNPACKING pc=0x000001e1e350a1a3 sp=0x00000089a9dfc388 mode 2

Classes unloaded (0 events):
No events

Classes redefined (0 events):
No events

Internal exceptions (19 events):
Event: 0.239 Thread 0x000001e1d7179280 Exception <a 'java/lang/NoSuchMethodError'{0x000000008b813a70}: 'int java.lang.invoke.DirectMethodHandle$Holder.invokeStaticInit(java.lang.Object, java.lang.Object)'> (0x000000008b813a70) 
thrown [s\src\hotspot\share\interpreter\linkResolver.cpp, line 771]
Event: 0.740 Thread 0x000001e1d7179280 Exception <a 'java/lang/NoSuchMethodError'{0x000000008b4b9978}: 'void java.lang.invoke.DirectMethodHandle$Holder.invokeStatic(java.lang.Object, java.lang.Object)'> (0x000000008b4b9978) 
thrown [s\src\hotspot\share\interpreter\linkResolver.cpp, line 771]
Event: 0.775 Thread 0x000001e1d7179280 Exception <a 'java/lang/NoClassDefFoundError'{0x000000008b340db8}: org/slf4j/impl/StaticMarkerBinder> (0x000000008b340db8) 
thrown [s\src\hotspot\share\classfile\systemDictionary.cpp, line 245]
Event: 0.794 Thread 0x000001e1d7179280 Exception <a 'java/lang/NoSuchMethodError'{0x000000008b3dd2c8}: 'java.lang.Object java.lang.invoke.DirectMethodHandle$Holder.invokeVirtual(java.lang.Object, java.lang.Object, java.lang.Object, java.lang.Object, java.lang.Object, java.lang.Object, java.lang.Object)'> (0x000000008b3dd2c8) 
thrown [s\src\hotspot\share\interpreter\linkResolver.cpp, line 771]
Event: 0.797 Thread 0x000001e1d7179280 Exception <a 'java/lang/NoSuchMethodError'{0x000000008b3eedf8}: 'java.lang.Object java.lang.invoke.Invokers$Holder.invoker(java.lang.Object, java.lang.Object, java.lang.Object)'> (0x000000008b3eedf8) 
thrown [s\src\hotspot\share\interpreter\linkResolver.cpp, line 771]
Event: 0.800 Thread 0x000001e1d7179280 Exception <a 'java/lang/NoSuchMethodError'{0x000000008b3f7f28}: 'java.lang.Object java.lang.invoke.DirectMethodHandle$Holder.invokeStatic(java.lang.Object, java.lang.Object, int)'> (0x000000008b3f7f28) 
thrown [s\src\hotspot\share\interpreter\linkResolver.cpp, line 771]
Event: 0.802 Thread 0x000001e1d7179280 Exception <a 'java/lang/NoSuchMethodError'{0x000000008b204408}: 'void java.lang.invoke.DelegatingMethodHandle$Holder.delegate(java.lang.Object, java.lang.Object, int, java.lang.Object)'> (0x000000008b204408) 
thrown [s\src\hotspot\share\interpreter\linkResolver.cpp, line 771]
Event: 0.802 Thread 0x000001e1d7179280 Exception <a 'java/lang/NoSuchMethodError'{0x000000008b208550}: 'int java.lang.invoke.DirectMethodHandle$Holder.invokeSpecial(java.lang.Object, java.lang.Object, java.lang.Object)'> (0x000000008b208550) 
thrown [s\src\hotspot\share\interpreter\linkResolver.cpp, line 771]
Event: 0.806 Thread 0x000001e1d7179280 Exception <a 'java/lang/NoSuchMethodError'{0x000000008b21b770}: 'java.lang.Object java.lang.invoke.Invokers$Holder.invokeExact_MT(java.lang.Object, java.lang.Object, java.lang.Object, java.lang.Object)'> (0x000000008b21b770) 
thrown [s\src\hotspot\share\interpreter\linkResolver.cpp, line 771]
Event: 0.908 Thread 0x000001e1d7179280 Exception <a 'java/lang/NoSuchMethodError'{0x000000008ac1a3a0}: 'java.lang.Object java.lang.invoke.DirectMethodHandle$Holder.invokeInterface(java.lang.Object, java.lang.Object, java.lang.Object)'> (0x000000008ac1a3a0) 
thrown [s\src\hotspot\share\interpreter\linkResolver.cpp, line 771]
Event: 0.911 Thread 0x000001e1d7179280 Exception <a 'java/lang/NoSuchMethodError'{0x000000008ac3bce0}: 'void java.lang.invoke.DirectMethodHandle$Holder.invokeSpecial(java.lang.Object, java.lang.Object, java.lang.Object)'> (0x000000008ac3bce0) 
thrown [s\src\hotspot\share\interpreter\linkResolver.cpp, line 771]
Event: 0.921 Thread 0x000001e1d7179280 Implicit null exception at 0x000001e1e3a9588c to 0x000001e1e3a95dd0
Event: 0.921 Thread 0x000001e1d7179280 Implicit null exception at 0x000001e1e3a8918f to 0x000001e1e3a896d4
Event: 0.945 Thread 0x000001e1d7179280 Exception <a 'java/lang/NoSuchMethodError'{0x000000008abd9bf8}: 'java.lang.Object java.lang.invoke.DirectMethodHandle$Holder.invokeStaticInit(java.lang.Object)'> (0x000000008abd9bf8) 
thrown [s\src\hotspot\share\interpreter\linkResolver.cpp, line 771]
Event: 1.045 Thread 0x000001e1d7179280 Exception <a 'java/lang/NoSuchMethodError'{0x000000008b9ffad8}: 'java.lang.Object java.lang.invoke.DirectMethodHandle$Holder.invokeStaticInit(java.lang.Object, int, int, int, int)'> (0x000000008b9ffad8) 
thrown [s\src\hotspot\share\interpreter\linkResolver.cpp, line 771]
Event: 1.111 Thread 0x000001e1d7179280 Exception <a 'java/lang/NoSuchMethodError'{0x000000008b8551f0}: 'java.lang.Object java.lang.invoke.DirectMethodHandle$Holder.invokeStaticInit(java.lang.Object, java.lang.Object, int, int, int, int)'> (0x000000008b8551f0) 
thrown [s\src\hotspot\share\interpreter\linkResolver.cpp, line 771]
Event: 1.249 Thread 0x000001e1d7179280 Exception <a 'java/lang/NoSuchMethodError'{0x000000008b8a85e0}: 'void java.lang.invoke.DirectMethodHandle$Holder.invokeStatic(java.lang.Object, java.lang.Object, java.lang.Object)'> (0x000000008b8a85e0) 
thrown [s\src\hotspot\share\interpreter\linkResolver.cpp, line 771]
Event: 1.265 Thread 0x000001e1d7179280 Implicit null exception at 0x000001e1e3a86c72 to 0x000001e1e3a872b4
Event: 1.265 Thread 0x000001e1d7179280 Implicit null exception at 0x000001e1e3a83ef2 to 0x000001e1e3a8454c

VM Operations (18 events):
Event: 0.121 Executing VM operation: HandshakeAllThreads
Event: 0.121 Executing VM operation: HandshakeAllThreads done
Event: 0.511 Executing VM operation: G1CollectForAllocation
Event: 0.515 Executing VM operation: G1CollectForAllocation done
Event: 0.658 Executing VM operation: HandshakeAllThreads
Event: 0.658 Executing VM operation: HandshakeAllThreads done
Event: 0.799 Executing VM operation: HandshakeAllThreads
Event: 0.799 Executing VM operation: HandshakeAllThreads done
Event: 0.984 Executing VM operation: G1CollectForAllocation
Event: 0.987 Executing VM operation: G1CollectForAllocation done
Event: 1.008 Executing VM operation: HandshakeAllThreads
Event: 1.008 Executing VM operation: HandshakeAllThreads done
Event: 1.084 Executing VM operation: HandshakeAllThreads
Event: 1.084 Executing VM operation: HandshakeAllThreads done
Event: 2.095 Executing VM operation: Cleanup
Event: 2.095 Executing VM operation: Cleanup done
Event: 5.133 Executing VM operation: Cleanup
Event: 5.133 Executing VM operation: Cleanup done

Events (20 events):
Event: 1.696 loading class jdk/internal/reflect/ByteVectorFactory
Event: 1.696 loading class jdk/internal/reflect/ByteVectorFactory done
Event: 1.696 loading class jdk/internal/reflect/ByteVectorImpl
Event: 1.696 loading class jdk/internal/reflect/ByteVector
Event: 1.696 loading class jdk/internal/reflect/ByteVector done
Event: 1.696 loading class jdk/internal/reflect/ByteVectorImpl done
Event: 1.696 loading class jdk/internal/reflect/ClassFileAssembler
Event: 1.696 loading class jdk/internal/reflect/ClassFileAssembler done
Event: 1.696 loading class jdk/internal/reflect/UTF8
Event: 1.696 loading class jdk/internal/reflect/UTF8 done
Event: 1.697 loading class jdk/internal/reflect/Label
Event: 1.697 loading class jdk/internal/reflect/Label done
Event: 1.697 loading class jdk/internal/reflect/Label$PatchInfo
Event: 1.697 loading class jdk/internal/reflect/Label$PatchInfo done
Event: 1.697 loading class jdk/internal/reflect/MethodAccessorGenerator$1
Event: 1.697 loading class jdk/internal/reflect/MethodAccessorGenerator$1 done
Event: 1.698 loading class jdk/internal/reflect/ClassDefiner
Event: 1.698 loading class jdk/internal/reflect/ClassDefiner done
Event: 1.698 loading class jdk/internal/reflect/ClassDefiner$1
Event: 1.698 loading class jdk/internal/reflect/ClassDefiner$1 done


Dynamic libraries:
0x00007ff749ed0000 - 0x00007ff749eda000 	C:\Program Files\Android\Android Studio\jbr\bin\java.exe
0x00007ffa087f0000 - 0x00007ffa08a3e000 	C:\WINDOWS\SYSTEM32\ntdll.dll
0x00007ffa07ad0000 - 0x00007ffa07b96000 	C:\WINDOWS\System32\KERNEL32.DLL
0x00007ffa05da0000 - 0x00007ffa06133000 	C:\WINDOWS\System32\KERNELBASE.dll
0x00007ffa062a0000 - 0x00007ffa063dd000 	C:\WINDOWS\System32\ucrtbase.dll
0x00007ff9e0550000 - 0x00007ff9e056b000 	C:\Program Files\Android\Android Studio\jbr\bin\VCRUNTIME140.dll
0x00007ff9ceea0000 - 0x00007ff9ceeb7000 	C:\Program Files\Android\Android Studio\jbr\bin\jli.dll
0x00007ffa073a0000 - 0x00007ffa0755f000 	C:\WINDOWS\System32\USER32.dll
0x00007ff9e9f00000 - 0x00007ff9ea191000 	C:\WINDOWS\WinSxS\amd64_microsoft.windows.common-controls_6595b64144ccf1df_6.0.26040.1000_none_3b9025f0e753cce1\COMCTL32.dll
0x00007ffa061f0000 - 0x00007ffa06217000 	C:\WINDOWS\System32\win32u.dll
0x00007ffa08590000 - 0x00007ffa08638000 	C:\WINDOWS\System32\msvcrt.dll
0x00007ffa066e0000 - 0x00007ffa0670a000 	C:\WINDOWS\System32\GDI32.dll
0x00007ffa064a0000 - 0x00007ffa065c0000 	C:\WINDOWS\System32\gdi32full.dll
0x00007ffa06140000 - 0x00007ffa061e3000 	C:\WINDOWS\System32\msvcp_win.dll
0x00007ffa083b0000 - 0x00007ffa083dd000 	C:\WINDOWS\System32\IMM32.DLL
0x00007ff9e4da0000 - 0x00007ff9e4dac000 	C:\Program Files\Android\Android Studio\jbr\bin\vcruntime140_1.dll
0x00007ff9b3100000 - 0x00007ff9b318d000 	C:\Program Files\Android\Android Studio\jbr\bin\msvcp140.dll
0x00007ff97d490000 - 0x00007ff97e110000 	C:\Program Files\Android\Android Studio\jbr\bin\server\jvm.dll
0x00007ffa08640000 - 0x00007ffa086f1000 	C:\WINDOWS\System32\ADVAPI32.dll
0x00007ffa07ba0000 - 0x00007ffa07c46000 	C:\WINDOWS\System32\sechost.dll
0x00007ffa05bf0000 - 0x00007ffa05c16000 	C:\WINDOWS\System32\bcrypt.dll
0x00007ffa07cd0000 - 0x00007ffa07de9000 	C:\WINDOWS\System32\RPCRT4.dll
0x00007ff9e0220000 - 0x00007ff9e022a000 	C:\WINDOWS\SYSTEM32\WSOCK32.dll
0x00007ff9fb160000 - 0x00007ff9fb196000 	C:\WINDOWS\SYSTEM32\WINMM.dll
0x00007ffa07c50000 - 0x00007ffa07cc4000 	C:\WINDOWS\System32\WS2_32.dll
0x00007ffa00110000 - 0x00007ffa0011b000 	C:\WINDOWS\SYSTEM32\VERSION.dll
0x00007ffa04a10000 - 0x00007ffa04a29000 	C:\WINDOWS\SYSTEM32\kernel.appcore.dll
0x00007ff9f40e0000 - 0x00007ff9f40ea000 	C:\Program Files\Android\Android Studio\jbr\bin\jimage.dll
0x00007ffa03250000 - 0x00007ffa0348d000 	C:\WINDOWS\SYSTEM32\DBGHELP.DLL
0x00007ffa07df0000 - 0x00007ffa08169000 	C:\WINDOWS\System32\combase.dll
0x00007ffa08170000 - 0x00007ffa08246000 	C:\WINDOWS\System32\OLEAUT32.dll
0x00007ff9e1e60000 - 0x00007ff9e1e99000 	C:\WINDOWS\SYSTEM32\dbgcore.DLL
0x00007ffa05b50000 - 0x00007ffa05bec000 	C:\WINDOWS\System32\bcryptPrimitives.dll
0x00007ff9cf070000 - 0x00007ff9cf095000 	C:\Program Files\Android\Android Studio\jbr\bin\java.dll
0x00007ff9f3b30000 - 0x00007ff9f3b48000 	C:\Program Files\Android\Android Studio\jbr\bin\zip.dll
0x00007ffa06760000 - 0x00007ffa06f1a000 	C:\WINDOWS\System32\SHELL32.dll
0x00007ffa039a0000 - 0x00007ffa041f7000 	C:\WINDOWS\SYSTEM32\windows.storage.dll
0x00007ffa078f0000 - 0x00007ffa079c7000 	C:\WINDOWS\System32\SHCORE.dll
0x00007ffa07570000 - 0x00007ffa075cd000 	C:\WINDOWS\System32\shlwapi.dll
0x00007ffa05a70000 - 0x00007ffa05a94000 	C:\WINDOWS\SYSTEM32\profapi.dll
0x00007ff9cf050000 - 0x00007ff9cf069000 	C:\Program Files\Android\Android Studio\jbr\bin\net.dll
0x00007ff9f6460000 - 0x00007ff9f657d000 	C:\WINDOWS\SYSTEM32\WINHTTP.dll
0x00007ffa04eb0000 - 0x00007ffa04f18000 	C:\WINDOWS\system32\mswsock.dll
0x00007ff9cf030000 - 0x00007ff9cf046000 	C:\Program Files\Android\Android Studio\jbr\bin\nio.dll
0x00007ff9cfee0000 - 0x00007ff9cfef0000 	C:\Program Files\Android\Android Studio\jbr\bin\verify.dll
0x00007ff9eddd0000 - 0x00007ff9eddf7000 	C:\Users\user\.gradle\native\e1d6ef7f7dcc3fd88c89a11ec53ec762bb8ba0a96d01ffa2cd45eb1d1d8dd5c5\windows-amd64\native-platform.dll
0x00007ff9cef50000 - 0x00007ff9cef59000 	C:\Program Files\Android\Android Studio\jbr\bin\management.dll
0x00007ff9cef40000 - 0x00007ff9cef4b000 	C:\Program Files\Android\Android Studio\jbr\bin\management_ext.dll
0x00007ffa08580000 - 0x00007ffa08588000 	C:\WINDOWS\System32\PSAPI.DLL
0x00007ffa05180000 - 0x00007ffa0519c000 	C:\WINDOWS\SYSTEM32\CRYPTSP.dll
0x00007ffa04970000 - 0x00007ffa049a8000 	C:\WINDOWS\system32\rsaenh.dll
0x00007ffa04f70000 - 0x00007ffa04f9b000 	C:\WINDOWS\SYSTEM32\USERENV.dll
0x00007ffa051a0000 - 0x00007ffa051ac000 	C:\WINDOWS\SYSTEM32\CRYPTBASE.dll
0x00007ffa04540000 - 0x00007ffa04570000 	C:\WINDOWS\SYSTEM32\IPHLPAPI.DLL
0x00007ffa066d0000 - 0x00007ffa066da000 	C:\WINDOWS\System32\NSI.dll
0x00007ff9fb140000 - 0x00007ff9fb15c000 	C:\WINDOWS\SYSTEM32\dhcpcsvc6.DLL
0x00007ff9fb100000 - 0x00007ff9fb121000 	C:\WINDOWS\SYSTEM32\dhcpcsvc.DLL
0x00007ffa04580000 - 0x00007ffa04699000 	C:\WINDOWS\SYSTEM32\DNSAPI.dll
0x00007ff9f40d0000 - 0x00007ff9f40d8000 	C:\WINDOWS\system32\wshunix.dll

dbghelp: loaded successfully - version: 4.0.5 - missing functions: none
symbol engine: initialized successfully - sym options: 0x614 - pdb path: .;C:\Program Files\Android\Android Studio\jbr\bin;C:\WINDOWS\SYSTEM32;C:\WINDOWS\WinSxS\amd64_microsoft.windows.common-controls_6595b64144ccf1df_6.0.26040.1000_none_3b9025f0e753cce1;C:\Program Files\Android\Android Studio\jbr\bin\server;C:\Users\user\.gradle\native\e1d6ef7f7dcc3fd88c89a11ec53ec762bb8ba0a96d01ffa2cd45eb1d1d8dd5c5\windows-amd64

VM Arguments:
jvm_args: -Dorg.gradle.appname=gradlew 
java_command: org.gradle.wrapper.GradleWrapperMain -q -Ptarget-platform=android-arm64 -Ptarget=E:\brainbd\lib\main.dart -Pbase-application-name=android.app.Application -Pdart-defines=RkxVVFRFUl9XRUJfQVVUT19ERVRFQ1Q9dHJ1ZQ==,RkxVVFRFUl9XRUJfQ0FOVkFTS0lUX1VSTD1odHRwczovL3d3dy5nc3RhdGljLmNvbS9mbHV0dGVyLWNhbnZhc2tpdC8zZjNlNTYwMjM2NTM5YjdlMjcwMmY1YWM3OTBiMmE0NjkxYjMyZDQ5Lw== -Pdart-obfuscation=false -Ptrack-widget-creation=true -Ptree-shake-icons=false -Pfilesystem-scheme=org-dartlang-root assembleDebug
java_class_path (initial): E:\brainbd\android\\gradle\wrapper\gradle-wrapper.jar
Launcher Type: SUN_STANDARD

[Global flags]
     intx CICompilerCount                          = 3                                         {product} {ergonomic}
     uint ConcGCThreads                            = 1                                         {product} {ergonomic}
     uint G1ConcRefinementThreads                  = 4                                         {product} {ergonomic}
   size_t G1HeapRegionSize                         = 1048576                                   {product} {ergonomic}
    uintx GCDrainStackTargetSize                   = 64                                        {product} {ergonomic}
   size_t InitialHeapSize                          = 130023424                                 {product} {ergonomic}
   size_t MarkStackSize                            = 4194304                                   {product} {ergonomic}
   size_t MaxHeapSize                              = 2080374784                                {product} {ergonomic}
   size_t MaxNewSize                               = 1247805440                                {product} {ergonomic}
   size_t MinHeapDeltaBytes                        = 1048576                                   {product} {ergonomic}
   size_t MinHeapSize                              = 8388608                                   {product} {ergonomic}
    uintx NonNMethodCodeHeapSize                   = 5832780                                {pd product} {ergonomic}
    uintx NonProfiledCodeHeapSize                  = 122912730                              {pd product} {ergonomic}
    uintx ProfiledCodeHeapSize                     = 122912730                              {pd product} {ergonomic}
    uintx ReservedCodeCacheSize                    = 251658240                              {pd product} {ergonomic}
     bool SegmentedCodeCache                       = true                                      {product} {ergonomic}
   size_t SoftMaxHeapSize                          = 2080374784                             {manageable} {ergonomic}
     bool UseCompressedClassPointers               = true                           {product lp64_product} {ergonomic}
     bool UseCompressedOops                        = true                           {product lp64_product} {ergonomic}
     bool UseG1GC                                  = true                                      {product} {ergonomic}
     bool UseLargePagesIndividualAllocation        = false                                  {pd product} {ergonomic}

Logging:
Log output configuration:
 #0: stdout all=warning uptime,level,tags
 #1: stderr all=off uptime,level,tags

Environment Variables:
JAVA_HOME=C:\Program Files\Android\Android Studio\jbr
CLASSPATH=E:\brainbd\android\\gradle\wrapper\gradle-wrapper.jar
PATH=C:\Program Files\Android\Android Studio\jbr\bin;E:\Scripts\;E:\;C:\Program Files\Common Files\Oracle\Java\javapath;C:\Windows\System32;C:\WINDOWS\system32;C:\WINDOWS;C:\WINDOWS\System32\Wbem;C:\WINDOWS\System32\WindowsPowerShell\v1.0\;C:\WINDOWS\System32\OpenSSH\;C:\Program Files\Git\bin;C:\Program Files\Git\cmd;C:\Windows\SysWOW64;C:\Windows;C:\Program Files\CMake\bin;C:\Program Files\Java\jdk-17.0.1\bin;C:\Users\user\flutter\bin;C:\Program Files\Microsoft SQL Server\150\Tools\Binn\;C:\Program Files\Microsoft SQL Server\Client SDK\ODBC\170\Tools\Binn\;C:\Program Files\dotnet\;C:\ProgramData\chocolatey\bin;C:\Program Files\nodejs;C:\Users\user\AppData\Roaming\npm;C:\Program Files\MongoDB\Server\7.0\bin;C:\Program Files\PowerShell\7\;C:\Users\user\AppData\Roaming\Pub\Cache\bin;C:\Users\user\AppData\Local\Pub\Cache\bin;C:\Users\user\AppData\Local\Microsoft\WindowsApps;;C:\Users\user\AppData\Local\Programs\Microsoft VS Code\bin;C:\Users\user\flutter\bin\mingit\cmd
USERNAME=user
OS=Windows_NT
PROCESSOR_IDENTIFIER=Intel64 Family 6 Model 140 Stepping 1, GenuineIntel
TMP=C:\Users\user\AppData\Local\Temp
TEMP=C:\Users\user\AppData\Local\Temp


JNI global refs:
JNI global refs: 19, weak refs: 6

JNI global refs memory usage: 843, weak refs: 841

OOME stack traces (most recent first):
Classloader memory used:
Loader bootstrap                                                                       : 1495K
Loader org.gradle.internal.classloader.VisitableURLClassLoader                         : 464K
Loader java.net.URLClassLoader                                                         : 25818B
Loader jdk.internal.loader.ClassLoaders$AppClassLoader                                 : 18431B
Loader jdk.internal.loader.ClassLoaders$PlatformClassLoader                            : 14151B
Loader jdk.internal.reflect.DelegatingClassLoader                                      : 439B

Classes loaded by more than one classloader:
Class org.gradle.internal.installation.GradleInstallation                             : loaded 2 times (x 73B)
Class org.gradle.cli.ParsedCommandLine                                                : loaded 2 times (x 78B)
Class org.gradle.internal.classpath.ClassPath                                         : loaded 2 times (x 68B)
Class org.gradle.api.Action                                                           : loaded 2 times (x 68B)
Class org.gradle.cli.CommandLineParser$OptionString                                   : loaded 2 times (x 71B)
Class org.gradle.internal.installation.GradleInstallation$1                           : loaded 2 times (x 73B)
Class org.gradle.cli.CommandLineParser$AfterOptions                                   : loaded 2 times (x 75B)
Class org.gradle.cli.CommandLineParser$AfterFirstSubCommand                           : loaded 2 times (x 75B)
Class org.gradle.internal.service.UnknownServiceException                             : loaded 2 times (x 81B)
Class org.gradle.api.GradleException                                                  : loaded 2 times (x 80B)
Class org.gradle.api.internal.classpath.ModuleRegistry                                : loaded 2 times (x 68B)
Class org.gradle.cli.CommandLineParser$KnownOptionParserState                         : loaded 2 times (x 74B)
Class org.gradle.cli.AbstractPropertiesCommandLineConverter                           : loaded 2 times (x 81B)
Class org.gradle.api.specs.Spec                                                       : loaded 2 times (x 68B)
Class org.gradle.cli.SystemPropertiesCommandLineConverter                             : loaded 2 times (x 81B)
Class org.gradle.internal.IoActions                                                   : loaded 2 times (x 69B)
Class org.gradle.internal.installation.CurrentGradleInstallation                      : loaded 2 times (x 71B)
Class org.gradle.internal.installation.CurrentGradleInstallationLocator               : loaded 2 times (x 69B)
Class org.gradle.internal.classpath.DefaultClassPath                                  : loaded 2 times (x 88B)
Class org.gradle.api.Transformer                                                      : loaded 2 times (x 68B)
Class org.gradle.cli.CommandLineParser                                                : loaded 2 times (x 77B)
Class org.gradle.cli.CommandLineParser$BeforeFirstSubCommand                          : loaded 2 times (x 75B)
Class org.gradle.cli.CommandLineOption                                                : loaded 2 times (x 84B)
Class org.gradle.cli.CommandLineParser$ParserState                                    : loaded 2 times (x 74B)
Class org.gradle.cli.CommandLineParser$MissingOptionArgState                          : loaded 2 times (x 75B)
Class org.gradle.api.UncheckedIOException                                             : loaded 2 times (x 80B)
Class org.gradle.cli.ParsedCommandLineOption                                          : loaded 2 times (x 74B)
Class org.gradle.internal.classloader.ClasspathUtil                                   : loaded 2 times (x 69B)
Class org.gradle.cli.CommandLineParser$UnknownOptionParserState                       : loaded 2 times (x 74B)
Class org.gradle.internal.service.ServiceLookupException                              : loaded 2 times (x 80B)
Class org.gradle.util.internal.GUtil                                                  : loaded 2 times (x 69B)
Class org.gradle.cli.CommandLineParser$OptionAwareParserState                         : loaded 2 times (x 75B)
Class org.gradle.cli.CommandLineParser$OptionParserState                              : loaded 2 times (x 73B)
Class org.gradle.internal.Cast                                                        : loaded 2 times (x 69B)
Class org.gradle.cli.CommandLineConverter                                             : loaded 2 times (x 68B)
Class org.gradle.internal.classpath.DefaultClassPath$ImmutableUniqueList              : loaded 2 times (x 159B)
Class org.gradle.cli.AbstractCommandLineConverter                                     : loaded 2 times (x 77B)
Class org.gradle.cli.CommandLineArgumentException                                     : loaded 2 times (x 80B)


---------------  S Y S T E M  ---------------

OS:
 Windows 11 , 64 bit Build 26040 (10.0.26040.1000)
OS uptime: 0 days 0:53 hours
Hyper-V role detected

CPU: total 4 (initial active 4) (2 cores per cpu, 2 threads per core) family 6 model 140 stepping 1 microcode 0xac, cx8, cmov, fxsr, ht, mmx, 3dnowpref, sse, sse2, sse3, ssse3, sse4.1, sse4.2, popcnt, lzcnt, tsc, tscinvbit, avx, avx2, aes, erms, clmul, bmi1, bmi2, adx, avx512f, avx512dq, avx512cd, avx512bw, avx512vl, sha, fma, vzeroupper, avx512_vpopcntdq, avx512_vpclmulqdq, avx512_vaes, avx512_vnni, clflush, clflushopt, clwb, avx512_vbmi2, avx512_vbmi, hv

Memory: 4k page, system-wide physical 7932M (294M free)
TotalPageFile size 14076M (AvailPageFile size 2M)
current process WorkingSet (physical memory assigned to process): 87M, peak: 93M
current process commit charge ("private bytes"): 216M, peak: 221M

vm_info: OpenJDK 64-Bit Server VM (17.0.7+0-b2043.56-10550314) for windows-amd64 JRE (17.0.7+0-b2043.56-10550314), built on Jul 24 2023 18:27:45 by "androidbuild" with MS VC++ 16.10 / 16.11 (VS2019)

END.
